<?xml version="1.0" encoding="UTF-8"?>
<testsuite xmlns:xsi="http://www.w3.org/2001/XMLSchema-instance" xsi:noNamespaceSchemaLocation="https://maven.apache.org/surefire/maven-surefire-plugin/xsd/surefire-test-report.xsd" version="3.0.2" name="com.robotech.web.RobotechCloset1ApplicationTests" time="20.282" tests="1" errors="0" skipped="0" failures="0">
  <properties>
[...]
</properties>
  <testcase name="contextLoads" classname="com.robotech.web.RobotechCloset1ApplicationTests" time="1.284">
    <system-out><![CDATA[23:14:54.729 [main] INFO org.springframework.test.context.support.AnnotationConfigContextLoaderUtils -- Could not detect default configuration classes for test class [com.robotech.web.RobotechCloset1ApplicationTests]: RobotechCloset1ApplicationTests does not declare any static, non-private, non-final, nested classes annotated with @Configuration.
23:14:55.055 [main] INFO org.springframework.boot.test.context.SpringBootTestContextBootstrapper -- Found @SpringBootConfiguration com.robotech.web.RobotechCloset1Application for test class com.robotech.web.RobotechCloset1ApplicationTests
23:14:55.836 [main] INFO org.springframework.boot.devtools.restart.RestartApplicationListener -- Restart disabled due to context in which it is running

  .   ____          _            __ _ _
 /\\ / ___'_ __ _ _(_)_ __  __ _ \ \ \ \
( ( )\___ | '_ | '_| | '_ \/ _` | \ \ \ \
 \\/  ___)| |_)| | | | | || (_| |  ) ) ) )
  '  |____| .__|_| |_|_| |_\__, | / / / /
 =========|_|==============|___/=/_/_/_/

 :: Spring Boot ::                (v3.4.0)

2025-02-16T23:14:56.548-05:00  INFO 12024 --- [Robotech-Closet1] [           main] c.r.web.RobotechCloset1ApplicationTests  : Starting RobotechCloset1ApplicationTests using Java 17.0.11 with PID 12024 (started by Andre in C:\Users\Andre\Documents\workspace-spring-tool-suite-4-4.23.1.RELEASE\Robotech-Closet1)
2025-02-16T23:14:56.553-05:00  INFO 12024 --- [Robotech-Closet1] [           main] c.r.web.RobotechCloset1ApplicationTests  : No active profile set, falling back to 1 default profile: "default"
2025-02-16T23:14:59.020-05:00  INFO 12024 --- [Robotech-Closet1] [           main] .s.d.r.c.RepositoryConfigurationDelegate : Bootstrapping Spring Data JPA repositories in DEFAULT mode.
2025-02-16T23:14:59.273-05:00  INFO 12024 --- [Robotech-Closet1] [           main] .s.d.r.c.RepositoryConfigurationDelegate : Finished Spring Data repository scanning in 210 ms. Found 15 JPA repository interfaces.
2025-02-16T23:15:00.839-05:00  INFO 12024 --- [Robotech-Closet1] [           main] com.zaxxer.hikari.HikariDataSource       : HikariPool-1 - Starting...
2025-02-16T23:15:01.769-05:00  INFO 12024 --- [Robotech-Closet1] [           main] com.zaxxer.hikari.pool.HikariPool        : HikariPool-1 - Added connection com.mysql.cj.jdbc.ConnectionImpl@48567727
2025-02-16T23:15:01.775-05:00  INFO 12024 --- [Robotech-Closet1] [           main] com.zaxxer.hikari.HikariDataSource       : HikariPool-1 - Start completed.
2025-02-16T23:15:02.017-05:00  INFO 12024 --- [Robotech-Closet1] [           main] o.hibernate.jpa.internal.util.LogHelper  : HHH000204: Processing PersistenceUnitInfo [name: default]
2025-02-16T23:15:02.214-05:00  INFO 12024 --- [Robotech-Closet1] [           main] org.hibernate.Version                    : HHH000412: Hibernate ORM core version 6.6.2.Final
2025-02-16T23:15:02.358-05:00  INFO 12024 --- [Robotech-Closet1] [           main] o.h.c.internal.RegionFactoryInitiator    : HHH000026: Second-level cache disabled
2025-02-16T23:15:03.314-05:00  INFO 12024 --- [Robotech-Closet1] [           main] o.s.o.j.p.SpringPersistenceUnitInfo      : No LoadTimeWeaver setup: ignoring JPA class transformer
2025-02-16T23:15:03.481-05:00  WARN 12024 --- [Robotech-Closet1] [           main] org.hibernate.orm.deprecation            : HHH90000025: MySQLDialect does not need to be specified explicitly using 'hibernate.dialect' (remove the property setting and it will be selected by default)
2025-02-16T23:15:03.514-05:00  INFO 12024 --- [Robotech-Closet1] [           main] org.hibernate.orm.connections.pooling    : HHH10001005: Database info:
	Database JDBC URL [Connecting through datasource 'HikariDataSource (HikariPool-1)']
	Database driver: undefined/unknown
	Database version: 8.0.40
	Autocommit mode: undefined/unknown
	Isolation level: undefined/unknown
	Minimum pool size: undefined/unknown
	Maximum pool size: undefined/unknown
2025-02-16T23:15:06.019-05:00  INFO 12024 --- [Robotech-Closet1] [           main] o.h.e.t.j.p.i.JtaPlatformInitiator       : HHH000489: No JTA platform available (set 'hibernate.transaction.jta.platform' to enable JTA platform integration)
2025-02-16T23:15:06.030-05:00  INFO 12024 --- [Robotech-Closet1] [           main] j.LocalContainerEntityManagerFactoryBean : Initialized JPA EntityManagerFactory for persistence unit 'default'
2025-02-16T23:15:07.619-05:00  INFO 12024 --- [Robotech-Closet1] [           main] o.s.d.j.r.query.QueryEnhancerFactory     : Hibernate is in classpath; If applicable, HQL parser will be used.
2025-02-16T23:15:10.770-05:00  WARN 12024 --- [Robotech-Closet1] [           main] JpaBaseConfiguration$JpaWebConfiguration : spring.jpa.open-in-view is enabled by default. Therefore, database queries may be performed during view rendering. Explicitly configure spring.jpa.open-in-view to disable this warning
2025-02-16T23:15:10.842-05:00  INFO 12024 --- [Robotech-Closet1] [           main] r$InitializeUserDetailsManagerConfigurer : Global AuthenticationManager configured with UserDetailsService bean with name formLogin
2025-02-16T23:15:12.139-05:00  WARN 12024 --- [Robotech-Closet1] [           main] o.s.s.c.a.web.builders.WebSecurity       : You are asking Spring Security to ignore Deferred [Mvc [pattern='/css/**'], Ant [pattern='/css/**']]. This is not recommended -- please use permitAll via HttpSecurity#authorizeHttpRequests instead.
2025-02-16T23:15:12.140-05:00  WARN 12024 --- [Robotech-Closet1] [           main] o.s.s.c.a.web.builders.WebSecurity       : You are asking Spring Security to ignore Deferred [Mvc [pattern='/js/**'], Ant [pattern='/js/**']]. This is not recommended -- please use permitAll via HttpSecurity#authorizeHttpRequests instead.
2025-02-16T23:15:12.140-05:00  WARN 12024 --- [Robotech-Closet1] [           main] o.s.s.c.a.web.builders.WebSecurity       : You are asking Spring Security to ignore Deferred [Mvc [pattern='/images/**'], Ant [pattern='/images/**']]. This is not recommended -- please use permitAll via HttpSecurity#authorizeHttpRequests instead.
2025-02-16T23:15:12.140-05:00  WARN 12024 --- [Robotech-Closet1] [           main] o.s.s.c.a.web.builders.WebSecurity       : You are asking Spring Security to ignore Deferred [Mvc [pattern='/bootstrap-5.3.3/**'], Ant [pattern='/bootstrap-5.3.3/**']]. This is not recommended -- please use permitAll via HttpSecurity#authorizeHttpRequests instead.
2025-02-16T23:15:12.140-05:00  WARN 12024 --- [Robotech-Closet1] [           main] o.s.s.c.a.web.builders.WebSecurity       : You are asking Spring Security to ignore Deferred [Mvc [pattern='/imagenes/**'], Ant [pattern='/imagenes/**']]. This is not recommended -- please use permitAll via HttpSecurity#authorizeHttpRequests instead.
2025-02-16T23:15:13.304-05:00  INFO 12024 --- [Robotech-Closet1] [           main] c.r.web.RobotechCloset1ApplicationTests  : Started RobotechCloset1ApplicationTests in 17.498 seconds (process running for 20.037)
]]></system-out>
  </testcase>
</testsuite>